<?xml version="1.0" encoding="utf-8" standalone="no"?>
<test-run id="0" runstate="Runnable" testcasecount="0" result="Failed" label="Invalid" total="0" passed="0" failed="0" inconclusive="0" skipped="0" asserts="0" engine-version="3.12.0.0" clr-version="4.0.30319.42000" start-time="2021-09-25 16:45:54Z" end-time="2021-09-25 16:45:54Z" duration="0.542764">
  <command-line><![CDATA[nunit3-console  test input]]></command-line>
  <test-suite type="Unknown" id="1-1" name="test" fullname="C:\Data\Source\C#\CreateSolutionFile\CreateSolutionFileTests\test" testcasecount="0" runstate="NotRunnable" result="Failed" label="Invalid">
    <properties>
      <property name="_SKIPREASON" value="File not found: C:\Data\Source\C#\CreateSolutionFile\CreateSolutionFileTests\test" />
    </properties>
    <reason>
      <message>File not found: C:\Data\Source\C#\CreateSolutionFile\CreateSolutionFileTests\test</message>
    </reason>
  </test-suite>
  <test-suite type="Unknown" id="2-1" name="input" fullname="C:\Data\Source\C#\CreateSolutionFile\CreateSolutionFileTests\input" testcasecount="0" runstate="NotRunnable" result="Failed" label="Invalid">
    <properties>
      <property name="_SKIPREASON" value="File not found: C:\Data\Source\C#\CreateSolutionFile\CreateSolutionFileTests\input" />
    </properties>
    <reason>
      <message>File not found: C:\Data\Source\C#\CreateSolutionFile\CreateSolutionFileTests\input</message>
    </reason>
  </test-suite>
</test-run>